39
43
44
47
47
40
47
56
48
55
29
56
56
54
53
37
51
35
42
54
46
46
57
69
45
30
55
62
43
59
45
57
76
34
43
41
51
31
60
42
37
44
57
45
56
53
37
40
29
#------------ added saving old gens
32
51
59
71
54
41
63
46
35
54
61
50
42
51
36
52
51
72
40
64
44
60
41
46
46
63
45
35
44
57
60
45
36
28
68
51
63
50
44
44
63
52
36
69
50
45
54
40
40
55
45
46
48
50
41
46
35
50
46
59
45
48
71
51
35
40
35
68
40
37
41
64
62
51
51
47
53
45
46
60
52
43
51
37
72
45
48
43
50
59
46
37
61
44
30
60
42
28
46
56
52
45
52
64
53
45
48
47
41
42
77
45
46
63
33
53
55
36
31
55
52
70
42
53
41
68
49
45
39
36
44
62
42
67
51
60
44
52
51
60
44
44
55
44
37
45
40
37
49
56
59
50
43
45
34
65
75
42
53
59
32
41
46
60
52
48
67
42
44
47
51
72
33
49
46
53
45
34
49
39
46
53
62
31
36
57
47
55
46
30
36
44
50
52
41
46
49
50
43
57
63
54
50
48
31
49
61
44
53
38
40
45
51
44
47
59
38
44
35
46
58
43
52
40
69
36
77
55
37
41
45
31
83
33
49
44
42
34
54
44
30
46
37
41
32
51
39
53
40
37
33
50
48
48
58
60
34
59
39
59
55
40
62
41
48
56
36
34
48
45
64
35
58
71
62
57
28
50
62
53
64
40
39
93
46
36
51
46
44
60
48
59
50
48
55
