4.4426727294921875
1.8693592548370361
5.322113513946533
1.9970011711120605
2.721113443374634
1.8294463157653809
2.653430461883545
6.112042665481567
49.51723551750183
26.033559799194336
2.9828004837036133
1.5890388488769531
2.0916261672973633
2.554936647415161
3.992901563644409
2.7035584449768066
3.5429797172546387
4.793773174285889
23.78929042816162
4.479200839996338
5.6503496170043945
9.15319013595581
285.44036078453064
11.701393842697144
158.64071321487427
3.541581392288208
9.190284252166748
48.277931451797485
12.61193037033081
13.736449480056763
6.204341411590576
21.168680429458618
7.760859727859497
4.9374003410339355
10.28278374671936
6.915785551071167
10.332059383392334
3.405550241470337
3.6597819328308105
7.059682607650757
16.335739612579346
83.54132795333862
2.856703996658325
20.202747344970703
5.159005641937256
8.829975366592407
22.41700792312622
26.71991491317749
44.39899563789368
2.2826075553894043
5.365180492401123
1.8275225162506104
2.7580623626708984
7.014817476272583
10.397909879684448
7.156018018722534
22.134264945983887
685.0034513473511
1.59271240234375
81.35865211486816
2.409816265106201
21.05236554145813
5.8623692989349365
20.86924982070923
1.8168830871582031
3.7145659923553467
3.1735801696777344
5.066836595535278
3.820981740951538
11.084885120391846
2.0021393299102783
20.559990406036377
13.513111114501953
12.796542644500732
4.803595542907715
2.342334270477295
25.029216766357422
10.824567317962646
6.8420023918151855
67.43604946136475
336.0781500339508
2.969510793685913
2.9522712230682373
3.528116226196289
10.491993427276611
4.677344083786011
2.9390196800231934
3.001105546951294
2.822115659713745
76.92492866516113
4.0905234813690186
1.3893442153930664
1.8908679485321045
20.086314916610718
22.899425983428955
3.3931808471679688
7.18930196762085
4.074975252151489
12.224841117858887
2.9414069652557373
3.1124374866485596
16.42353129386902
3.122959613800049
5.218799114227295
3.5268619060516357
1.658644199371338
18.291957139968872
44.931447982788086
3.8563015460968018
34.80294156074524
15.25894832611084
4.432992219924927
6.45495867729187
3.2670347690582275
1.9171035289764404
2.6858866214752197
4.611531734466553
39.651041746139526
3.0172269344329834
1.7296524047851562
1.5589776039123535
4.200317859649658
35.56024193763733
7.777731418609619
2.0019729137420654
2.282227039337158
10.702972888946533
2.811133623123169
2.6912214756011963
2.640449285507202
7.8790318965911865
2.049111843109131
10.81078290939331
41.88062524795532
7.355057239532471
8.680900812149048
13.682236433029175
1.359041690826416
10.83534288406372
4.233693599700928
6.562898635864258
3.7865874767303467
2.3140878677368164
7.353624582290649
12.935292482376099
7.384674310684204
40.76688742637634
8.38277792930603
2.9393951892852783
7.620375394821167
21.640389442443848
1.7350459098815918
23.575454473495483
2.4566709995269775
4.377116680145264
13.37449049949646
36.84075331687927
11.814383029937744
2.1841750144958496
5.028350591659546
2.1021454334259033
1.9821891784667969
36.144399881362915
2.3988213539123535
37.977779388427734
3.535146951675415
139.62215757369995
3.387038469314575
1.5552842617034912
21.378573894500732
3.8813235759735107
22.972191333770752
2.366474151611328
485.43516969680786
191.20763778686523
1.6479718685150146
19.22869110107422
2.3837196826934814
20.57189917564392
619.12784075737
1.4903523921966553
1.7132759094238281
6.589310884475708
6.62361478805542
23.168156147003174
10.967366933822632
2.700594425201416
1.1125240325927734
41.0992956161499
20.85978055000305
2.036353826522827
45.760780572891235
1.8979792594909668
1.9326424598693848
9.141580820083618
4.488124132156372
1.7632403373718262
13.174449443817139
17.634931325912476
5.027714014053345
6.2574310302734375
2.580721855163574
16.307104110717773
8.14546513557434
3.225390911102295
4.52734899520874
43.91080045700073
3.3387608528137207
1.6105830669403076
354.40909147262573
4.279530048370361
80.58946299552917
4.107056617736816
1.9497900009155273
1.293506145477295
4.768862247467041
12.933063745498657
4.836799621582031
10.319445848464966
185.27763414382935
345.2741231918335
2.8070883750915527
149.56990098953247
1.0417673587799072
2.333750009536743
16.09476613998413
12.797780990600586
2.7316412925720215
7.625461578369141
1.784977674484253
628.3668472766876
3.657641887664795
48.47520923614502
9.970340967178345
3.929633855819702
7.467372179031372
105.28883910179138
9.758312702178955
3.5335848331451416
3.74143123626709
12.213493347167969
30.900087118148804
21.226706981658936
6.928183078765869
3.2819113731384277
