43
67
54
58
44
65
53
65
63
41
51
66
47
56
65
50
65
55
68
69
50
65
66
53
66
62
50
60
51
50
53
52
51
63
64
56
65
67
63
53
53
55
67
48
55
67
52
66
52
65
68
56
67
54
54
52
51
68
51
64
49
53
55
52
62
54
48
52
51
55
64
44
50
66
57
71
64
59
62
64
64
50
53
53
57
48
65
49
52
65
63
47
46
72
68
63
54
51
64
62
52
63
55
52
53
54
64
52
66
50
51
52
65
59
64
68
68
49
56
50
66
70
51
64
49
52
54
67
65
68
60
50
52
64
56
53
66
64
54
63
63
64
52
58
52
44
57
51
46
58
52
57
53
56
65
66
48
47
47
66
60
64
67
68
56
64
65
67
50
69
67
53
61
52
64
65
48
54
46
65
66
67
65
61
51
69
63
68
65
41
50
52
59
47
65
53
66
48
63
58
61
55
36
63
55
63
63
58
62
66
66
48
61
45
50
66
65
64
53
57
60
63
50
48
64
53
68
62
66
67
43
64
65
54
65
47
62
65
52
64
53
68
51
50
63
66
67
65
63
67
49
53
53
59
43
66
64
63
50
62
60
59
52
68
67
67
64
62
54
58
63
64
65
55
65
56
53
46
45
51
60
52
50
52
66
63
62
47
56
49
51
60
65
49
53
65
65
45
52
52
43
54
64
50
60
56
41
63
61
53
65
67
43
51
68
65
50
53
58
46
45
49
44
64
48
69
50
50
52
52
66
54
66
63
62
53
65
54
51
42
53
63
63
55
63
66
65
65
50
62
60
49
42
50
48
66
51
53
54
52
59
61
63
53
51
52
50
43
67
50
60
65
66
52
56
55
62
47
55
49
59
64
58
63
66
68
47
53
67
61
68
56
59
52
64
63
49
54
67
53
58
62
66
51
63
49
51
54
48
64
63
56
54
53
55
53
