1.3722493648529053
1.7270784378051758
1.7785251140594482
1.4948327541351318
1.2617497444152832
1.2207715511322021
2.212155818939209
2.945544719696045
2.021104097366333
1.483468770980835
1.5871706008911133
1.578049659729004
1.996866226196289
1.6825721263885498
1.6292998790740967
1.4673304557800293
1.5923447608947754
1.9501473903656006
1.4014091491699219
1.8899626731872559
1.8239855766296387
1.8373174667358398
1.7428076267242432
1.7212376594543457
1.2185742855072021
2.345639228820801
1.7472903728485107
1.4206173419952393
1.9006268978118896
1.8800780773162842
1.8543705940246582
1.7390222549438477
1.9308907985687256
1.9632306098937988
2.0581305027008057
1.6473958492279053
1.7658531665802002
1.7981202602386475
1.8836748600006104
1.7150850296020508
1.8402183055877686
1.8866112232208252
1.6614201068878174
1.3763041496276855
1.7779858112335205
2.089707612991333
1.6779985427856445
1.9606211185455322
1.709080696105957
1.7348735332489014
1.9654731750488281
2.061037540435791
1.8852190971374512
2.0448238849639893
1.507002592086792
1.9505856037139893
1.858794927597046
1.908280849456787
1.5525250434875488
1.6797871589660645
1.6485705375671387
1.5559608936309814
1.8673181533813477
1.7633731365203857
1.7323992252349854
1.8514606952667236
1.7079229354858398
1.2626092433929443
1.4830665588378906
1.1732971668243408
1.4950220584869385
1.4241251945495605
1.7471671104431152
2.053600549697876
1.8016107082366943
1.5272374153137207
1.477229118347168
1.769392490386963
1.726435661315918
1.5295772552490234
1.707625150680542
1.632338285446167
1.8015778064727783
1.9395973682403564
1.6849942207336426
1.5807654857635498
1.5663580894470215
1.469651460647583
1.2642207145690918
1.5004315376281738
1.3351123332977295
1.6846098899841309
1.6829485893249512
1.6951260566711426
1.5819807052612305
1.6446599960327148
1.8170628547668457
1.1497828960418701
1.7226481437683105
1.7744998931884766
1.6741132736206055
1.6085002422332764
1.5143945217132568
1.4464459419250488
1.6594853401184082
1.5311260223388672
1.7068767547607422
1.577709674835205
1.043776512145996
1.4776859283447266
1.6651272773742676
1.2009057998657227
1.444814682006836
1.6545636653900146
1.5304865837097168
1.5099108219146729
1.6011784076690674
1.463860273361206
1.5505871772766113
1.2367119789123535
1.4480252265930176
1.5567171573638916
1.6419501304626465
1.2683045864105225
1.212209939956665
1.5021135807037354
1.469975471496582
1.2997024059295654
1.4413933753967285
1.3376092910766602
1.4219954013824463
1.497337818145752
1.3751306533813477
1.2621686458587646
1.4371817111968994
1.3102562427520752
1.255563497543335
1.5297458171844482
1.5031054019927979
1.2751789093017578
1.438891887664795
1.3325376510620117
1.4397163391113281
1.539982557296753
1.6697578430175781
1.6570582389831543
1.6279759407043457
1.4060466289520264
1.4340808391571045
1.587848424911499
1.4502336978912354
1.4931793212890625
1.4359817504882812
1.6139006614685059
1.637476921081543
1.270505666732788
1.514739751815796
0.9913039207458496
1.4101340770721436
1.5201544761657715
1.188990592956543
1.4997124671936035
1.5122721195220947
1.634505271911621
1.5578057765960693
1.4593052864074707
1.4761347770690918
1.422307014465332
1.5911142826080322
1.6483154296875
1.5895390510559082
1.5164272785186768
1.562736988067627
1.415118932723999
1.280693769454956
1.4517922401428223
1.1282768249511719
1.3184177875518799
1.4040956497192383
1.280832290649414
1.5575239658355713
1.4857332706451416
1.3221080303192139
1.4494168758392334
1.735119342803955
1.3575451374053955
1.4425549507141113
1.6256916522979736
0.8828237056732178
1.6025402545928955
1.6466577053070068
1.6114530563354492
1.4414896965026855
1.2391717433929443
1.269562005996704
1.432816505432129
1.6811659336090088
1.5771496295928955
1.4448471069335938
1.7341980934143066
1.503185510635376
1.619757890701294
1.5474989414215088
1.5734400749206543
1.0827975273132324
1.5013046264648438
1.2744581699371338
1.5572140216827393
1.6811578273773193
1.2207014560699463
1.6496167182922363
1.6064605712890625
1.2552392482757568
1.6417810916900635
1.4994306564331055
1.1003317832946777
1.662649154663086
1.511902093887329
1.5406734943389893
1.5121769905090332
1.6377017498016357
1.328995704650879
1.3670425415039062
1.1918776035308838
1.3381099700927734
1.4320518970489502
1.4796569347381592
1.4656648635864258
1.586259126663208
1.560715913772583
1.6519958972930908
1.7437143325805664
1.3056597709655762
1.5861670970916748
1.6330921649932861
1.5643460750579834
1.349327564239502
1.2894423007965088
1.696420669555664
1.457709789276123
1.6741366386413574
1.3067967891693115
1.7132444381713867
1.1225612163543701
1.772331714630127
1.490380048751831
1.3865158557891846
1.5212395191192627
1.5101513862609863
1.5696306228637695
1.6360752582550049
1.74180269241333
1.6838490962982178
1.3721191883087158
1.2085020542144775
1.396275281906128
1.5515415668487549
1.738344430923462
1.423215627670288
1.2917094230651855
1.0877864360809326
1.4713077545166016
1.5195417404174805
1.6701648235321045
2.1045308113098145
1.9257609844207764
1.3634779453277588
1.6614584922790527
1.8251473903656006
1.2879242897033691
1.8215246200561523
1.9154739379882812
1.7461817264556885
1.7987475395202637
1.804825782775879
1.7528584003448486
1.7679834365844727
2.0218706130981445
1.5178453922271729
1.9220595359802246
1.8994672298431396
1.5528695583343506
1.9707024097442627
1.4507567882537842
1.6249439716339111
2.225623369216919
1.4756462574005127
1.7949750423431396
1.893345832824707
1.1852850914001465
1.8925838470458984
1.3042371273040771
1.8080856800079346
1.6405291557312012
1.451049566268921
1.5544919967651367
1.3985066413879395
1.677428960800171
1.6380443572998047
1.7177414894104004
1.6637766361236572
1.6453266143798828
1.6074037551879883
1.0881423950195312
1.7832648754119873
1.589949607849121
1.6745185852050781
1.7603192329406738
1.5788218975067139
1.6863012313842773
1.84124755859375
1.6567487716674805
2.1092965602874756
1.7325258255004883
1.7032873630523682
1.6855792999267578
1.4382710456848145
1.9311931133270264
1.6863179206848145
1.3913869857788086
1.6448793411254883
1.5828053951263428
1.6929354667663574
1.6607880592346191
1.7010526657104492
1.9006867408752441
1.5627691745758057
1.8664109706878662
1.5924439430236816
1.653743028640747
1.6457996368408203
1.5801498889923096
1.7824113368988037
1.7786715030670166
1.5415194034576416
1.4389989376068115
1.821885347366333
1.9032130241394043
1.6866228580474854
1.6005043983459473
1.4871129989624023
1.3368730545043945
1.7787532806396484
1.698176622390747
1.8195915222167969
1.7252225875854492
1.528686285018921
1.897136926651001
2.1411757469177246
1.8906846046447754
2.529050350189209
2.456693172454834
2.6393556594848633
2.116323947906494
1.6686491966247559
1.4632649421691895
1.856388807296753
2.233591318130493
2.078626871109009
1.87473464012146
1.7290399074554443
2.0274786949157715
2.1319432258605957
1.8173308372497559
1.5374362468719482
1.4297525882720947
1.7607357501983643
1.820000171661377
1.6017279624938965
1.447462558746338
1.5215644836425781
1.3014044761657715
1.7590970993041992
1.8329463005065918
1.563953161239624
1.779259443283081
1.7216453552246094
1.8361706733703613
1.8438072204589844
1.163417100906372
1.8289151191711426
1.8419489860534668
1.8919148445129395
1.8302080631256104
1.8527133464813232
1.892061710357666
1.8748283386230469
2.016401529312134
1.6976964473724365
1.5692873001098633
1.3716974258422852
1.7555723190307617
1.7399852275848389
2.337745189666748
1.8595993518829346
1.618175745010376
1.6421527862548828
1.6427528858184814
1.5215463638305664
2.4330248832702637
1.967043161392212
2.424992561340332
1.7591617107391357
1.896474838256836
2.0769762992858887
1.8410835266113281
1.3884828090667725
1.8254244327545166
2.0970864295959473
1.7230420112609863
1.2637343406677246
1.5933263301849365
1.7115836143493652
1.725064754486084
1.5114758014678955
1.9097316265106201
1.565049171447754
1.475637674331665
1.6372663974761963
1.7431013584136963
1.8039896488189697
1.8656182289123535
1.556213617324829
1.5667674541473389
1.64111328125
1.2743840217590332
1.7496757507324219
1.758800745010376
1.8692619800567627
1.893237590789795
1.7588179111480713
1.548476219177246
2.1915578842163086
1.6974194049835205
2.200735092163086
1.4387102127075195
1.7613134384155273
1.7220714092254639
1.88033127784729
2.202550172805786
1.6651694774627686
1.2013092041015625
1.361243724822998
1.7713518142700195
2.0173518657684326
1.5362470149993896
1.6606268882751465
1.757744312286377
1.8485450744628906
2.2494122982025146
1.4575166702270508
1.6884565353393555
1.53596830368042
1.3560361862182617
1.9495739936828613
1.8124725818634033
2.131610870361328
2.2207775115966797
1.2689166069030762
1.7855536937713623
1.4428513050079346
1.2403454780578613
1.7541134357452393
1.4867510795593262
1.746079683303833
1.4247465133666992
1.9989519119262695
2.127368450164795
2.2468013763427734
2.1828839778900146
2.10636568069458
1.7247049808502197
2.2233431339263916
2.473862886428833
2.4858145713806152
1.8280832767486572
1.5977363586425781
1.521667242050171
1.8757176399230957
1.6991016864776611
1.796952247619629
2.6101880073547363
2.929439067840576
2.196953535079956
1.3328001499176025
1.8850328922271729
1.6982290744781494
1.618802547454834
1.2469868659973145
1.5628340244293213
1.7525062561035156
1.7111213207244873
2.0163817405700684
1.6148009300231934
1.5998473167419434
1.368903398513794
1.8083457946777344
1.5310704708099365
1.811830759048462
1.6672332286834717
1.6608951091766357
1.8364710807800293
1.3373234272003174
1.7057983875274658
1.6342804431915283
1.6582233905792236
1.5416359901428223
1.6988298892974854
1.808943510055542
1.693739891052246
1.7989392280578613
1.2988336086273193
1.2131502628326416
1.6750562191009521
2.0410783290863037
1.181072473526001
1.4610118865966797
1.5934202671051025
1.2277722358703613
1.6754651069641113
1.1618237495422363
1.583404541015625
1.4705896377563477
1.7336020469665527
1.7340474128723145
1.7463443279266357
1.3884520530700684
1.6312949657440186
1.6131882667541504
1.0697100162506104
1.79422926902771
1.6008579730987549
1.3876948356628418
1.1118714809417725
1.8444736003875732
1.8987247943878174
1.628962516784668
1.562549352645874
1.644646406173706
1.758772850036621
1.5058352947235107
1.5930309295654297
1.8040449619293213
2.182771921157837
1.994978427886963
2.3176779747009277
2.0717263221740723
1.412698745727539
1.6014485359191895
1.4686410427093506
1.8671369552612305
1.5190143585205078
1.713578701019287
1.4553155899047852
1.1403858661651611
1.6524970531463623
1.5140001773834229
1.4308843612670898
1.7987940311431885
1.7348992824554443
1.63612699508667
1.5872678756713867
1.851665735244751
1.6062250137329102
1.521369218826294
1.7432520389556885
1.8999149799346924
1.6563153266906738
1.5838170051574707
1.8086915016174316
1.7585866451263428
1.9052221775054932
1.7714078426361084
1.6326308250427246
1.83827543258667
1.8254199028015137
1.745546579360962
1.3372883796691895
1.6789405345916748
1.841029405593872
2.091195821762085
1.8215386867523193
1.6908488273620605
1.7951867580413818
2.1596813201904297
2.254497766494751
2.2358360290527344
2.0127651691436768
1.6359641551971436
1.5390253067016602
2.934283971786499
1.74424409866333
1.5537011623382568
1.120518684387207
2.0118815898895264
1.8997924327850342
1.3576381206512451
1.609377384185791
1.4902591705322266
1.7876899242401123
1.8166866302490234
1.7092516422271729
1.555293321609497
2.3591160774230957
2.789358377456665
1.8938493728637695
1.7223966121673584
1.4657502174377441
1.7966060638427734
1.8508319854736328
2.48643159866333
2.0919651985168457
1.4536428451538086
1.610978603363037
1.5882093906402588
1.7571520805358887
1.4960060119628906
1.5122160911560059
1.369079828262329
1.5793969631195068
1.186333417892456
1.3607265949249268
1.4915587902069092
1.1876072883605957
1.6742584705352783
1.6089327335357666
1.3709416389465332
1.4903717041015625
1.3755548000335693
1.249697208404541
2.2054970264434814
1.4690260887145996
1.5000779628753662
1.3101959228515625
1.646169900894165
1.3998939990997314
1.994823932647705
1.5268845558166504
2.006873369216919
2.155284881591797
2.270695447921753
1.7340710163116455
2.330219030380249
1.860424280166626
1.7529230117797852
1.5019772052764893
2.090585708618164
1.1453604698181152
1.6103899478912354
2.15488338470459
2.070944309234619
2.544175863265991
1.7404284477233887
2.2471604347229004
1.3852455615997314
2.012619972229004
1.5970146656036377
1.4370121955871582
1.7870020866394043
1.8307502269744873
1.7148208618164062
1.639617681503296
1.5232205390930176
1.543076992034912
1.5845057964324951
1.4508991241455078
1.7888569831848145
1.5257647037506104
1.8411204814910889
1.2358496189117432
1.479302167892456
1.2449121475219727
1.4506936073303223
1.707002878189087
1.5726368427276611
1.606358289718628
1.435150146484375
1.4127750396728516
1.4931373596191406
1.3343050479888916
1.6202867031097412
1.5140695571899414
1.5780622959136963
1.6966724395751953
1.4831442832946777
1.5746047496795654
1.3576438426971436
2.2605128288269043
1.522001028060913
1.7396256923675537
2.1145451068878174
2.4477899074554443
2.248976469039917
2.016028642654419
2.8026742935180664
2.7478630542755127
1.4891550540924072
2.219433069229126
1.4606995582580566
2.0423178672790527
2.0216774940490723
1.9540085792541504
1.4293124675750732
1.9663455486297607
1.9114813804626465
2.103282928466797
1.7640533447265625
1.9923787117004395
1.6281065940856934
1.5560152530670166
1.7757318019866943
1.903545618057251
1.7583882808685303
1.982574462890625
1.9254937171936035
2.077470541000366
1.6322088241577148
1.4460859298706055
2.0274784564971924
1.4401214122772217
1.9068408012390137
1.6657862663269043
2.0695061683654785
1.8489439487457275
1.961226463317871
1.3480963706970215
1.7651584148406982
1.556917667388916
2.025618553161621
1.8912737369537354
2.183962345123291
1.5123419761657715
1.9300487041473389
1.8104922771453857
1.8943333625793457
1.6289820671081543
1.5217154026031494
1.9023571014404297
2.0812244415283203
1.4741487503051758
1.7427122592926025
1.6202294826507568
2.0057148933410645
1.853484869003296
1.8973138332366943
1.5722858905792236
1.097212314605713
1.931588888168335
2.0560288429260254
1.6407923698425293
2.35194730758667
2.022876024246216
2.206120491027832
2.4738316535949707
2.018956184387207
2.2170798778533936
1.9705054759979248
2.3045432567596436
1.9215941429138184
2.0228748321533203
1.7177023887634277
1.71211838722229
2.039706230163574
1.6260249614715576
2.3471786975860596
1.3279261589050293
2.162679672241211
1.8369815349578857
1.9482026100158691
1.926166296005249
1.9000730514526367
2.090754270553589
2.004462957382202
1.7511670589447021
1.792022466659546
1.6288566589355469
1.663804531097412
1.2527461051940918
1.9993677139282227
1.787980318069458
1.6876575946807861
2.1680283546447754
1.440016269683838
1.5242366790771484
2.064342737197876
2.0255050659179688
2.607757806777954
1.9836201667785645
2.2357006072998047
2.144476890563965
2.1045968532562256
1.468113660812378
2.212035894393921
2.0621204376220703
1.7126727104187012
1.5510008335113525
1.9257049560546875
2.1049253940582275
2.4841275215148926
1.909548044204712
1.8929083347320557
2.0975260734558105
2.207918882369995
2.491957187652588
1.6609253883361816
2.336744785308838
2.1269783973693848
1.9821038246154785
1.8938870429992676
1.8300957679748535
1.4813055992126465
2.4213976860046387
1.3329708576202393
2.2870898246765137
2.0184075832366943
2.1463146209716797
2.515047550201416
1.8385531902313232
1.8155906200408936
1.648897409439087
1.5630097389221191
2.0156033039093018
1.8565454483032227
1.9082074165344238
1.5591366291046143
1.792585849761963
1.8957207202911377
2.5276920795440674
1.7631051540374756
2.8127009868621826
1.895176887512207
1.5375609397888184
1.7649672031402588
1.7696731090545654
1.7693872451782227
1.6197295188903809
1.205871820449829
1.4298906326293945
1.5614466667175293
1.5477533340454102
1.717310905456543
1.3368842601776123
1.5670852661132812
1.5129454135894775
1.9684650897979736
2.0320658683776855
1.9412841796875
1.5257060527801514
2.047365188598633
2.110210657119751
2.122204542160034
2.089479684829712
2.116835594177246
1.7972495555877686
1.8386669158935547
1.8062794208526611
1.4660160541534424
1.5792701244354248
1.6902744770050049
1.705536127090454
1.9304194450378418
1.7220637798309326
1.917207956314087
1.365832805633545
1.794996738433838
2.011997699737549
1.994560718536377
1.9859235286712646
1.6473464965820312
1.6474120616912842
1.7976808547973633
1.477036952972412
1.7353651523590088
1.7370703220367432
1.4119925498962402
1.8231022357940674
1.5145201683044434
1.5306134223937988
1.541637659072876
1.2416887283325195
1.8792197704315186
2.0011696815490723
2.318448305130005
1.9148893356323242
2.2270917892456055
1.5351381301879883
1.4980919361114502
1.792311191558838
1.8459088802337646
2.0120325088500977
1.723951816558838
1.6344974040985107
2.121882915496826
2.0033085346221924
1.656670093536377
2.098788022994995
2.361032009124756
2.022658348083496
2.311408281326294
2.831740140914917
2.146409511566162
1.9111535549163818
1.7378771305084229
1.5172243118286133
2.2674882411956787
2.183502674102783
2.066394805908203
1.9161856174468994
1.810283899307251
1.8232226371765137
1.9478793144226074
1.6538848876953125
1.4806716442108154
1.630059003829956
1.452695369720459
2.4439470767974854
2.3745694160461426
2.0080342292785645
1.8034825325012207
1.856675386428833
1.4639194011688232
1.7666068077087402
1.7859008312225342
2.0565717220306396
1.9375779628753662
2.068539619445801
2.0793259143829346
1.6560978889465332
1.2232019901275635
1.1101160049438477
1.7136592864990234
1.595804214477539
1.8698234558105469
1.8685204982757568
1.7219884395599365
1.9634394645690918
1.6104645729064941
1.8185770511627197
1.7461376190185547
1.2931089401245117
1.8080928325653076
1.609398603439331
1.3217556476593018
1.6350774765014648
1.888451099395752
2.3624823093414307
1.6353492736816406
1.556701421737671
1.487657070159912
2.073033571243286
1.26265287399292
1.5025274753570557
2.233661651611328
1.8473165035247803
2.1515097618103027
1.3671936988830566
1.7417933940887451
1.7168455123901367
1.5363504886627197
1.9226231575012207
2.0709586143493652
2.5186827182769775
1.3880715370178223
1.8752083778381348
1.847287654876709
1.2067193984985352
2.1972014904022217
1.8621158599853516
1.7180311679840088
1.7193121910095215
1.645942211151123
1.8722407817840576
2.156865119934082
1.9305438995361328
2.8698878288269043
1.8235702514648438
1.917090892791748
2.059169054031372
1.7168245315551758
1.778808832168579
1.9329423904418945
1.9741325378417969
1.9399821758270264
1.8328418731689453
1.7182786464691162
2.184896230697632
1.7548439502716064
2.0663740634918213
1.8327703475952148
2.14911150932312
2.2645201683044434
1.6426756381988525
1.8511123657226562
1.8899502754211426
1.2467622756958008
2.218994617462158
1.9378454685211182
2.115586519241333
2.2617435455322266
2.877338409423828
2.6488513946533203
2.276636838912964
2.5008199214935303
1.9318797588348389
1.9401164054870605
1.8219192028045654
1.7156002521514893
2.318310499191284
1.39491868019104
1.808617115020752
1.938899040222168
1.3672945499420166
1.915560245513916
1.8515384197235107
1.7623133659362793
1.9433536529541016
1.9814794063568115
1.3227601051330566
1.3627004623413086
1.3305432796478271
1.7580969333648682
1.7042567729949951
1.423044204711914
1.6314513683319092
1.731337547302246
1.5539610385894775
1.907973051071167
2.015016794204712
1.7124953269958496
2.1252121925354004
1.5076191425323486
2.066629409790039
1.63667631149292
2.2454192638397217
